2025-06-02 07:35:42,190 INFO [main] o.a.n.b.NotificationServiceManager Successfully loaded the following 0 services: []
2025-06-02 07:35:42,198 INFO [main] org.apache.nifi.bootstrap.RunNiFi Registered no Notification Services for Notification Type NIFI_STARTED
2025-06-02 07:35:42,199 INFO [main] org.apache.nifi.bootstrap.RunNiFi Registered no Notification Services for Notification Type NIFI_STOPPED
2025-06-02 07:35:42,199 INFO [main] org.apache.nifi.bootstrap.RunNiFi Registered no Notification Services for Notification Type NIFI_DIED
2025-06-02 07:35:42,208 INFO [main] org.apache.nifi.bootstrap.RunNiFi Runtime Java version: 11.0.25
2025-06-02 07:35:42,347 INFO [main] org.apache.nifi.bootstrap.RunNiFi {javaVersion=11.0.25, availableProcessors=12, maxOpenFileDescriptors=524288, totalPhysicalMemoryMB=15344, minimumHeapSize=1g, maximumHeapSize=1g}
2025-06-02 07:35:42,368 INFO [main] org.apache.nifi.bootstrap.Command Starting Apache NiFi...
2025-06-02 07:35:42,369 INFO [main] org.apache.nifi.bootstrap.Command Working Directory: /opt/nifi/nifi-current
2025-06-02 07:35:42,369 INFO [main] org.apache.nifi.bootstrap.Command Command: /usr/lib/jvm/jre-11.0.25-bellsoft-x86_64/bin/java -classpath /opt/nifi/nifi-current/./conf:/opt/nifi/nifi-current/./lib/javax.servlet-api-3.1.0.jar:/opt/nifi/nifi-current/./lib/jcl-over-slf4j-2.0.16.jar:/opt/nifi/nifi-current/./lib/jetty-schemas-5.2.jar:/opt/nifi/nifi-current/./lib/jul-to-slf4j-2.0.16.jar:/opt/nifi/nifi-current/./lib/log4j-over-slf4j-2.0.16.jar:/opt/nifi/nifi-current/./lib/logback-classic-1.3.14.jar:/opt/nifi/nifi-current/./lib/logback-core-1.3.14.jar:/opt/nifi/nifi-current/./lib/nifi-api-1.28.1.jar:/opt/nifi/nifi-current/./lib/nifi-framework-api-1.28.1.jar:/opt/nifi/nifi-current/./lib/nifi-nar-utils-1.28.1.jar:/opt/nifi/nifi-current/./lib/nifi-per-process-group-logging-1.28.1.jar:/opt/nifi/nifi-current/./lib/nifi-properties-1.28.1.jar:/opt/nifi/nifi-current/./lib/nifi-property-utils-1.28.1.jar:/opt/nifi/nifi-current/./lib/nifi-runtime-1.28.1.jar:/opt/nifi/nifi-current/./lib/nifi-server-api-1.28.1.jar:/opt/nifi/nifi-current/./lib/nifi-stateless-api-1.28.1.jar:/opt/nifi/nifi-current/./lib/nifi-stateless-bootstrap-1.28.1.jar:/opt/nifi/nifi-current/./lib/slf4j-api-2.0.16.jar:/opt/nifi/nifi-current/./lib/java11/istack-commons-runtime-3.0.12.jar:/opt/nifi/nifi-current/./lib/java11/jakarta.activation-1.2.2.jar:/opt/nifi/nifi-current/./lib/java11/jakarta.activation-api-1.2.2.jar:/opt/nifi/nifi-current/./lib/java11/jakarta.xml.bind-api-2.3.3.jar:/opt/nifi/nifi-current/./lib/java11/javax.annotation-api-1.3.2.jar:/opt/nifi/nifi-current/./lib/java11/jaxb-runtime-2.3.9.jar:/opt/nifi/nifi-current/./lib/java11/txw2-2.3.9.jar -Dorg.apache.jasper.compiler.disablejsr199=true -Xmx1g -Xms1g -Dcurator-log-only-first-connection-issue-as-error-level=true -Djavax.security.auth.useSubjectCredsOnly=true -Djava.security.egd=file:/dev/urandom -Dzookeeper.admin.enableServer=false -Dsun.net.http.allowRestrictedHeaders=true -Djava.net.preferIPv4Stack=true -Djava.awt.headless=true -Djava.protocol.handler.pkgs=sun.net.www.protocol -Dnifi.properties.file.path=/opt/nifi/nifi-current/./conf/nifi.properties -Dnifi.bootstrap.listen.port=42007 -Dapp=NiFi -Dorg.apache.nifi.bootstrap.config.log.dir=/opt/nifi/nifi-current/logs org.apache.nifi.NiFi 
2025-06-02 07:35:42,413 INFO [main] org.apache.nifi.bootstrap.Command Launched Apache NiFi with Process ID 91
2025-06-02 07:35:43,207 INFO [NiFi Bootstrap Command Listener] org.apache.nifi.bootstrap.RunNiFi Apache NiFi now running and listening for Bootstrap requests on port 46535
2025-06-02 07:35:56,431 ERROR [NiFi logging handler] org.apache.nifi.StdErr Warning: Nashorn engine is planned to be removed from a future JDK release
2025-06-02 07:35:58,149 ERROR [NiFi logging handler] org.apache.nifi.StdErr Warning: Nashorn engine is planned to be removed from a future JDK release
2025-06-02 07:35:58,258 ERROR [NiFi logging handler] org.apache.nifi.StdErr Warning: Nashorn engine is planned to be removed from a future JDK release
2025-06-02 07:35:58,274 ERROR [NiFi logging handler] org.apache.nifi.StdErr Warning: Nashorn engine is planned to be removed from a future JDK release
2025-06-02 07:35:58,295 ERROR [NiFi logging handler] org.apache.nifi.StdErr Warning: Nashorn engine is planned to be removed from a future JDK release
2025-06-02 07:35:58,299 ERROR [NiFi logging handler] org.apache.nifi.StdErr Warning: Nashorn engine is planned to be removed from a future JDK release
2025-06-02 07:35:58,319 ERROR [NiFi logging handler] org.apache.nifi.StdErr Warning: Nashorn engine is planned to be removed from a future JDK release
2025-06-02 07:35:58,432 ERROR [NiFi logging handler] org.apache.nifi.StdErr Warning: Nashorn engine is planned to be removed from a future JDK release
2025-06-02 07:35:58,454 ERROR [NiFi logging handler] org.apache.nifi.StdErr Warning: Nashorn engine is planned to be removed from a future JDK release
2025-06-02 07:36:02,403 ERROR [NiFi logging handler] org.apache.nifi.StdErr WARNING: An illegal reflective access operation has occurred
2025-06-02 07:36:02,403 ERROR [NiFi logging handler] org.apache.nifi.StdErr WARNING: Illegal reflective access by jetbrains.exodus.io.FileDataWriter$Companion$setUninterruptibleMethod$1 (file:/opt/nifi/nifi-current/./work/nar/framework/nifi-framework-nar-1.28.1.nar-unpacked/NAR-INF/bundled-dependencies/xodus-environment-2.0.1.jar) to method sun.nio.ch.FileChannelImpl.setUninterruptible()
2025-06-02 07:36:02,403 ERROR [NiFi logging handler] org.apache.nifi.StdErr WARNING: Please consider reporting this to the maintainers of jetbrains.exodus.io.FileDataWriter$Companion$setUninterruptibleMethod$1
2025-06-02 07:36:02,403 ERROR [NiFi logging handler] org.apache.nifi.StdErr WARNING: Use --illegal-access=warn to enable warnings of further illegal reflective access operations
2025-06-02 07:36:02,403 ERROR [NiFi logging handler] org.apache.nifi.StdErr WARNING: All illegal access operations will be denied in a future release
2025-06-02 08:58:58,301 INFO [main] o.a.n.b.NotificationServiceManager Successfully loaded the following 0 services: []
2025-06-02 08:58:58,304 INFO [main] org.apache.nifi.bootstrap.RunNiFi Registered no Notification Services for Notification Type NIFI_STARTED
2025-06-02 08:58:58,304 INFO [main] org.apache.nifi.bootstrap.RunNiFi Registered no Notification Services for Notification Type NIFI_STOPPED
2025-06-02 08:58:58,304 INFO [main] org.apache.nifi.bootstrap.RunNiFi Registered no Notification Services for Notification Type NIFI_DIED
2025-06-02 08:58:58,320 INFO [main] org.apache.nifi.bootstrap.Command Apache NiFi has accepted the Shutdown Command and is shutting down now
2025-06-02 08:58:58,344 INFO [main] org.apache.nifi.bootstrap.Command NiFi PID [91] shutdown in progress...
2025-06-02 08:59:00,197 INFO [main] org.apache.nifi.bootstrap.RunNiFi A shutdown was initiated. Will not restart NiFi
2025-06-02 08:59:00,348 INFO [main] org.apache.nifi.bootstrap.Command NiFi PID [91] shutdown completed
