2025-05-29 15:55:21,832 INFO [main] o.a.n.b.NotificationServiceManager Successfully loaded the following 0 services: []
2025-05-29 15:55:21,836 INFO [main] org.apache.nifi.bootstrap.RunNiFi Registered no Notification Services for Notification Type NIFI_STARTED
2025-05-29 15:55:21,837 INFO [main] org.apache.nifi.bootstrap.RunNiFi Registered no Notification Services for Notification Type NIFI_STOPPED
2025-05-29 15:55:21,837 INFO [main] org.apache.nifi.bootstrap.RunNiFi Registered no Notification Services for Notification Type NIFI_DIED
2025-05-29 15:55:21,848 INFO [main] org.apache.nifi.bootstrap.RunNiFi Runtime Java version: 11.0.25
2025-05-29 15:55:22,014 INFO [main] org.apache.nifi.bootstrap.RunNiFi {javaVersion=11.0.25, availableProcessors=12, maxOpenFileDescriptors=524288, totalPhysicalMemoryMB=15344, minimumHeapSize=1g, maximumHeapSize=1g}
2025-05-29 15:55:22,038 INFO [main] org.apache.nifi.bootstrap.Command Starting Apache NiFi...
2025-05-29 15:55:22,039 INFO [main] org.apache.nifi.bootstrap.Command Working Directory: /opt/nifi/nifi-current
2025-05-29 15:55:22,040 INFO [main] org.apache.nifi.bootstrap.Command Command: /usr/lib/jvm/jre-11.0.25-bellsoft-x86_64/bin/java -classpath /opt/nifi/nifi-current/./conf:/opt/nifi/nifi-current/./lib/javax.servlet-api-3.1.0.jar:/opt/nifi/nifi-current/./lib/jcl-over-slf4j-2.0.16.jar:/opt/nifi/nifi-current/./lib/jetty-schemas-5.2.jar:/opt/nifi/nifi-current/./lib/jul-to-slf4j-2.0.16.jar:/opt/nifi/nifi-current/./lib/log4j-over-slf4j-2.0.16.jar:/opt/nifi/nifi-current/./lib/logback-classic-1.3.14.jar:/opt/nifi/nifi-current/./lib/logback-core-1.3.14.jar:/opt/nifi/nifi-current/./lib/nifi-api-1.28.1.jar:/opt/nifi/nifi-current/./lib/nifi-framework-api-1.28.1.jar:/opt/nifi/nifi-current/./lib/nifi-nar-utils-1.28.1.jar:/opt/nifi/nifi-current/./lib/nifi-per-process-group-logging-1.28.1.jar:/opt/nifi/nifi-current/./lib/nifi-properties-1.28.1.jar:/opt/nifi/nifi-current/./lib/nifi-property-utils-1.28.1.jar:/opt/nifi/nifi-current/./lib/nifi-runtime-1.28.1.jar:/opt/nifi/nifi-current/./lib/nifi-server-api-1.28.1.jar:/opt/nifi/nifi-current/./lib/nifi-stateless-api-1.28.1.jar:/opt/nifi/nifi-current/./lib/nifi-stateless-bootstrap-1.28.1.jar:/opt/nifi/nifi-current/./lib/slf4j-api-2.0.16.jar:/opt/nifi/nifi-current/./lib/java11/istack-commons-runtime-3.0.12.jar:/opt/nifi/nifi-current/./lib/java11/jakarta.activation-1.2.2.jar:/opt/nifi/nifi-current/./lib/java11/jakarta.activation-api-1.2.2.jar:/opt/nifi/nifi-current/./lib/java11/jakarta.xml.bind-api-2.3.3.jar:/opt/nifi/nifi-current/./lib/java11/javax.annotation-api-1.3.2.jar:/opt/nifi/nifi-current/./lib/java11/jaxb-runtime-2.3.9.jar:/opt/nifi/nifi-current/./lib/java11/txw2-2.3.9.jar -Dorg.apache.jasper.compiler.disablejsr199=true -Xmx1g -Xms1g -Dcurator-log-only-first-connection-issue-as-error-level=true -Djavax.security.auth.useSubjectCredsOnly=true -Djava.security.egd=file:/dev/urandom -Dzookeeper.admin.enableServer=false -Dsun.net.http.allowRestrictedHeaders=true -Djava.net.preferIPv4Stack=true -Djava.awt.headless=true -Djava.protocol.handler.pkgs=sun.net.www.protocol -Dnifi.properties.file.path=/opt/nifi/nifi-current/./conf/nifi.properties -Dnifi.bootstrap.listen.port=42215 -Dapp=NiFi -Dorg.apache.nifi.bootstrap.config.log.dir=/opt/nifi/nifi-current/logs org.apache.nifi.NiFi 
2025-05-29 15:55:22,090 INFO [main] org.apache.nifi.bootstrap.Command Launched Apache NiFi with Process ID 90
2025-05-29 15:55:23,151 INFO [NiFi Bootstrap Command Listener] org.apache.nifi.bootstrap.RunNiFi Apache NiFi now running and listening for Bootstrap requests on port 37491
2025-05-29 15:55:37,777 ERROR [NiFi logging handler] org.apache.nifi.StdErr Warning: Nashorn engine is planned to be removed from a future JDK release
2025-05-29 15:55:39,899 ERROR [NiFi logging handler] org.apache.nifi.StdErr Warning: Nashorn engine is planned to be removed from a future JDK release
2025-05-29 15:55:39,993 ERROR [NiFi logging handler] org.apache.nifi.StdErr Warning: Nashorn engine is planned to be removed from a future JDK release
2025-05-29 15:55:40,007 ERROR [NiFi logging handler] org.apache.nifi.StdErr Warning: Nashorn engine is planned to be removed from a future JDK release
2025-05-29 15:55:40,053 ERROR [NiFi logging handler] org.apache.nifi.StdErr Warning: Nashorn engine is planned to be removed from a future JDK release
2025-05-29 15:55:40,061 ERROR [NiFi logging handler] org.apache.nifi.StdErr Warning: Nashorn engine is planned to be removed from a future JDK release
2025-05-29 15:55:40,071 ERROR [NiFi logging handler] org.apache.nifi.StdErr Warning: Nashorn engine is planned to be removed from a future JDK release
2025-05-29 15:55:40,082 ERROR [NiFi logging handler] org.apache.nifi.StdErr Warning: Nashorn engine is planned to be removed from a future JDK release
2025-05-29 15:55:40,224 ERROR [NiFi logging handler] org.apache.nifi.StdErr Warning: Nashorn engine is planned to be removed from a future JDK release
2025-05-29 15:55:43,869 ERROR [NiFi logging handler] org.apache.nifi.StdErr WARNING: An illegal reflective access operation has occurred
2025-05-29 15:55:43,869 ERROR [NiFi logging handler] org.apache.nifi.StdErr WARNING: Illegal reflective access by jetbrains.exodus.io.FileDataWriter$Companion$setUninterruptibleMethod$1 (file:/opt/nifi/nifi-current/./work/nar/framework/nifi-framework-nar-1.28.1.nar-unpacked/NAR-INF/bundled-dependencies/xodus-environment-2.0.1.jar) to method sun.nio.ch.FileChannelImpl.setUninterruptible()
2025-05-29 15:55:43,870 ERROR [NiFi logging handler] org.apache.nifi.StdErr WARNING: Please consider reporting this to the maintainers of jetbrains.exodus.io.FileDataWriter$Companion$setUninterruptibleMethod$1
2025-05-29 15:55:43,870 ERROR [NiFi logging handler] org.apache.nifi.StdErr WARNING: Use --illegal-access=warn to enable warnings of further illegal reflective access operations
2025-05-29 15:55:43,870 ERROR [NiFi logging handler] org.apache.nifi.StdErr WARNING: All illegal access operations will be denied in a future release
2025-05-29 15:59:09,658 INFO [main] o.a.n.b.NotificationServiceManager Successfully loaded the following 0 services: []
2025-05-29 15:59:09,661 INFO [main] org.apache.nifi.bootstrap.RunNiFi Registered no Notification Services for Notification Type NIFI_STARTED
2025-05-29 15:59:09,661 INFO [main] org.apache.nifi.bootstrap.RunNiFi Registered no Notification Services for Notification Type NIFI_STOPPED
2025-05-29 15:59:09,661 INFO [main] org.apache.nifi.bootstrap.RunNiFi Registered no Notification Services for Notification Type NIFI_DIED
2025-05-29 15:59:09,681 INFO [main] org.apache.nifi.bootstrap.Command Apache NiFi has accepted the Shutdown Command and is shutting down now
2025-05-29 15:59:09,714 INFO [main] org.apache.nifi.bootstrap.Command NiFi PID [90] shutdown in progress...
2025-05-29 15:59:11,719 INFO [main] org.apache.nifi.bootstrap.Command NiFi PID [90] shutdown in progress...
2025-05-29 15:59:13,127 INFO [main] org.apache.nifi.bootstrap.RunNiFi A shutdown was initiated. Will not restart NiFi
2025-05-29 15:59:13,724 INFO [main] org.apache.nifi.bootstrap.Command NiFi PID [90] shutdown completed
2025-05-29 16:02:48,152 INFO [main] o.a.n.b.NotificationServiceManager Successfully loaded the following 0 services: []
2025-05-29 16:02:48,157 INFO [main] org.apache.nifi.bootstrap.RunNiFi Registered no Notification Services for Notification Type NIFI_STARTED
2025-05-29 16:02:48,158 INFO [main] org.apache.nifi.bootstrap.RunNiFi Registered no Notification Services for Notification Type NIFI_STOPPED
2025-05-29 16:02:48,158 INFO [main] org.apache.nifi.bootstrap.RunNiFi Registered no Notification Services for Notification Type NIFI_DIED
2025-05-29 16:02:48,171 INFO [main] org.apache.nifi.bootstrap.RunNiFi Runtime Java version: 11.0.25
2025-05-29 16:02:48,328 INFO [main] org.apache.nifi.bootstrap.RunNiFi {javaVersion=11.0.25, availableProcessors=12, maxOpenFileDescriptors=524288, totalPhysicalMemoryMB=15344, minimumHeapSize=1g, maximumHeapSize=1g}
2025-05-29 16:02:48,350 INFO [main] org.apache.nifi.bootstrap.Command Starting Apache NiFi...
2025-05-29 16:02:48,352 INFO [main] org.apache.nifi.bootstrap.Command Working Directory: /opt/nifi/nifi-current
2025-05-29 16:02:48,353 INFO [main] org.apache.nifi.bootstrap.Command Command: /usr/lib/jvm/jre-11.0.25-bellsoft-x86_64/bin/java -classpath /opt/nifi/nifi-current/./conf:/opt/nifi/nifi-current/./lib/javax.servlet-api-3.1.0.jar:/opt/nifi/nifi-current/./lib/jcl-over-slf4j-2.0.16.jar:/opt/nifi/nifi-current/./lib/jetty-schemas-5.2.jar:/opt/nifi/nifi-current/./lib/jul-to-slf4j-2.0.16.jar:/opt/nifi/nifi-current/./lib/log4j-over-slf4j-2.0.16.jar:/opt/nifi/nifi-current/./lib/logback-classic-1.3.14.jar:/opt/nifi/nifi-current/./lib/logback-core-1.3.14.jar:/opt/nifi/nifi-current/./lib/nifi-api-1.28.1.jar:/opt/nifi/nifi-current/./lib/nifi-framework-api-1.28.1.jar:/opt/nifi/nifi-current/./lib/nifi-nar-utils-1.28.1.jar:/opt/nifi/nifi-current/./lib/nifi-per-process-group-logging-1.28.1.jar:/opt/nifi/nifi-current/./lib/nifi-properties-1.28.1.jar:/opt/nifi/nifi-current/./lib/nifi-property-utils-1.28.1.jar:/opt/nifi/nifi-current/./lib/nifi-runtime-1.28.1.jar:/opt/nifi/nifi-current/./lib/nifi-server-api-1.28.1.jar:/opt/nifi/nifi-current/./lib/nifi-stateless-api-1.28.1.jar:/opt/nifi/nifi-current/./lib/nifi-stateless-bootstrap-1.28.1.jar:/opt/nifi/nifi-current/./lib/slf4j-api-2.0.16.jar:/opt/nifi/nifi-current/./lib/java11/istack-commons-runtime-3.0.12.jar:/opt/nifi/nifi-current/./lib/java11/jakarta.activation-1.2.2.jar:/opt/nifi/nifi-current/./lib/java11/jakarta.activation-api-1.2.2.jar:/opt/nifi/nifi-current/./lib/java11/jakarta.xml.bind-api-2.3.3.jar:/opt/nifi/nifi-current/./lib/java11/javax.annotation-api-1.3.2.jar:/opt/nifi/nifi-current/./lib/java11/jaxb-runtime-2.3.9.jar:/opt/nifi/nifi-current/./lib/java11/txw2-2.3.9.jar -Dorg.apache.jasper.compiler.disablejsr199=true -Xmx1g -Xms1g -Dcurator-log-only-first-connection-issue-as-error-level=true -Djavax.security.auth.useSubjectCredsOnly=true -Djava.security.egd=file:/dev/urandom -Dzookeeper.admin.enableServer=false -Dsun.net.http.allowRestrictedHeaders=true -Djava.net.preferIPv4Stack=true -Djava.awt.headless=true -Djava.protocol.handler.pkgs=sun.net.www.protocol -Dnifi.properties.file.path=/opt/nifi/nifi-current/./conf/nifi.properties -Dnifi.bootstrap.listen.port=43523 -Dapp=NiFi -Dorg.apache.nifi.bootstrap.config.log.dir=/opt/nifi/nifi-current/logs org.apache.nifi.NiFi 
2025-05-29 16:02:48,399 INFO [main] org.apache.nifi.bootstrap.Command Launched Apache NiFi with Process ID 90
2025-05-29 16:02:49,406 INFO [NiFi Bootstrap Command Listener] org.apache.nifi.bootstrap.RunNiFi Apache NiFi now running and listening for Bootstrap requests on port 41341
2025-05-29 16:03:04,312 ERROR [NiFi logging handler] org.apache.nifi.StdErr Warning: Nashorn engine is planned to be removed from a future JDK release
2025-05-29 16:03:05,879 ERROR [NiFi logging handler] org.apache.nifi.StdErr Warning: Nashorn engine is planned to be removed from a future JDK release
2025-05-29 16:03:05,989 ERROR [NiFi logging handler] org.apache.nifi.StdErr Warning: Nashorn engine is planned to be removed from a future JDK release
2025-05-29 16:03:06,006 ERROR [NiFi logging handler] org.apache.nifi.StdErr Warning: Nashorn engine is planned to be removed from a future JDK release
2025-05-29 16:03:06,027 ERROR [NiFi logging handler] org.apache.nifi.StdErr Warning: Nashorn engine is planned to be removed from a future JDK release
2025-05-29 16:03:06,031 ERROR [NiFi logging handler] org.apache.nifi.StdErr Warning: Nashorn engine is planned to be removed from a future JDK release
2025-05-29 16:03:06,050 ERROR [NiFi logging handler] org.apache.nifi.StdErr Warning: Nashorn engine is planned to be removed from a future JDK release
2025-05-29 16:03:06,147 ERROR [NiFi logging handler] org.apache.nifi.StdErr Warning: Nashorn engine is planned to be removed from a future JDK release
2025-05-29 16:03:06,165 ERROR [NiFi logging handler] org.apache.nifi.StdErr Warning: Nashorn engine is planned to be removed from a future JDK release
2025-05-29 16:03:09,946 ERROR [NiFi logging handler] org.apache.nifi.StdErr WARNING: An illegal reflective access operation has occurred
2025-05-29 16:03:09,946 ERROR [NiFi logging handler] org.apache.nifi.StdErr WARNING: Illegal reflective access by jetbrains.exodus.io.FileDataWriter$Companion$setUninterruptibleMethod$1 (file:/opt/nifi/nifi-current/./work/nar/framework/nifi-framework-nar-1.28.1.nar-unpacked/NAR-INF/bundled-dependencies/xodus-environment-2.0.1.jar) to method sun.nio.ch.FileChannelImpl.setUninterruptible()
2025-05-29 16:03:09,946 ERROR [NiFi logging handler] org.apache.nifi.StdErr WARNING: Please consider reporting this to the maintainers of jetbrains.exodus.io.FileDataWriter$Companion$setUninterruptibleMethod$1
2025-05-29 16:03:09,946 ERROR [NiFi logging handler] org.apache.nifi.StdErr WARNING: Use --illegal-access=warn to enable warnings of further illegal reflective access operations
2025-05-29 16:03:09,946 ERROR [NiFi logging handler] org.apache.nifi.StdErr WARNING: All illegal access operations will be denied in a future release
2025-05-29 16:03:13,467 INFO [main] o.a.n.b.NotificationServiceManager Successfully loaded the following 0 services: []
2025-05-29 16:03:13,471 INFO [main] org.apache.nifi.bootstrap.RunNiFi Registered no Notification Services for Notification Type NIFI_STARTED
2025-05-29 16:03:13,472 INFO [main] org.apache.nifi.bootstrap.RunNiFi Registered no Notification Services for Notification Type NIFI_STOPPED
2025-05-29 16:03:13,472 INFO [main] org.apache.nifi.bootstrap.RunNiFi Registered no Notification Services for Notification Type NIFI_DIED
2025-05-29 16:03:13,497 INFO [main] org.apache.nifi.bootstrap.Command Apache NiFi has accepted the Shutdown Command and is shutting down now
2025-05-29 16:03:13,528 INFO [main] org.apache.nifi.bootstrap.Command NiFi PID [90] shutdown in progress...
2025-05-29 16:03:15,532 INFO [main] org.apache.nifi.bootstrap.Command NiFi PID [90] shutdown in progress...
2025-05-29 16:03:17,536 INFO [main] org.apache.nifi.bootstrap.Command NiFi PID [90] shutdown in progress...
2025-05-29 16:03:19,540 INFO [main] org.apache.nifi.bootstrap.Command NiFi PID [90] shutdown in progress...
2025-05-29 16:03:21,545 INFO [main] org.apache.nifi.bootstrap.Command NiFi PID [90] shutdown in progress...
2025-05-29 16:03:22,406 INFO [main] org.apache.nifi.bootstrap.RunNiFi A shutdown was initiated. Will not restart NiFi
2025-05-29 16:03:31,949 INFO [main] o.a.n.b.NotificationServiceManager Successfully loaded the following 0 services: []
2025-05-29 16:03:31,954 INFO [main] org.apache.nifi.bootstrap.RunNiFi Registered no Notification Services for Notification Type NIFI_STARTED
2025-05-29 16:03:31,954 INFO [main] org.apache.nifi.bootstrap.RunNiFi Registered no Notification Services for Notification Type NIFI_STOPPED
2025-05-29 16:03:31,954 INFO [main] org.apache.nifi.bootstrap.RunNiFi Registered no Notification Services for Notification Type NIFI_DIED
2025-05-29 16:03:31,968 INFO [main] org.apache.nifi.bootstrap.RunNiFi Runtime Java version: 11.0.25
2025-05-29 16:03:32,137 INFO [main] org.apache.nifi.bootstrap.RunNiFi {javaVersion=11.0.25, availableProcessors=12, maxOpenFileDescriptors=524288, totalPhysicalMemoryMB=15344, minimumHeapSize=1g, maximumHeapSize=1g}
2025-05-29 16:03:32,159 INFO [main] org.apache.nifi.bootstrap.Command Starting Apache NiFi...
2025-05-29 16:03:32,160 INFO [main] org.apache.nifi.bootstrap.Command Working Directory: /opt/nifi/nifi-current
2025-05-29 16:03:32,161 INFO [main] org.apache.nifi.bootstrap.Command Command: /usr/lib/jvm/jre-11.0.25-bellsoft-x86_64/bin/java -classpath /opt/nifi/nifi-current/./conf:/opt/nifi/nifi-current/./lib/javax.servlet-api-3.1.0.jar:/opt/nifi/nifi-current/./lib/jcl-over-slf4j-2.0.16.jar:/opt/nifi/nifi-current/./lib/jetty-schemas-5.2.jar:/opt/nifi/nifi-current/./lib/jul-to-slf4j-2.0.16.jar:/opt/nifi/nifi-current/./lib/log4j-over-slf4j-2.0.16.jar:/opt/nifi/nifi-current/./lib/logback-classic-1.3.14.jar:/opt/nifi/nifi-current/./lib/logback-core-1.3.14.jar:/opt/nifi/nifi-current/./lib/nifi-api-1.28.1.jar:/opt/nifi/nifi-current/./lib/nifi-framework-api-1.28.1.jar:/opt/nifi/nifi-current/./lib/nifi-nar-utils-1.28.1.jar:/opt/nifi/nifi-current/./lib/nifi-per-process-group-logging-1.28.1.jar:/opt/nifi/nifi-current/./lib/nifi-properties-1.28.1.jar:/opt/nifi/nifi-current/./lib/nifi-property-utils-1.28.1.jar:/opt/nifi/nifi-current/./lib/nifi-runtime-1.28.1.jar:/opt/nifi/nifi-current/./lib/nifi-server-api-1.28.1.jar:/opt/nifi/nifi-current/./lib/nifi-stateless-api-1.28.1.jar:/opt/nifi/nifi-current/./lib/nifi-stateless-bootstrap-1.28.1.jar:/opt/nifi/nifi-current/./lib/slf4j-api-2.0.16.jar:/opt/nifi/nifi-current/./lib/java11/istack-commons-runtime-3.0.12.jar:/opt/nifi/nifi-current/./lib/java11/jakarta.activation-1.2.2.jar:/opt/nifi/nifi-current/./lib/java11/jakarta.activation-api-1.2.2.jar:/opt/nifi/nifi-current/./lib/java11/jakarta.xml.bind-api-2.3.3.jar:/opt/nifi/nifi-current/./lib/java11/javax.annotation-api-1.3.2.jar:/opt/nifi/nifi-current/./lib/java11/jaxb-runtime-2.3.9.jar:/opt/nifi/nifi-current/./lib/java11/txw2-2.3.9.jar -Dorg.apache.jasper.compiler.disablejsr199=true -Xmx1g -Xms1g -Dcurator-log-only-first-connection-issue-as-error-level=true -Djavax.security.auth.useSubjectCredsOnly=true -Djava.security.egd=file:/dev/urandom -Dzookeeper.admin.enableServer=false -Dsun.net.http.allowRestrictedHeaders=true -Djava.net.preferIPv4Stack=true -Djava.awt.headless=true -Djava.protocol.handler.pkgs=sun.net.www.protocol -Dnifi.properties.file.path=/opt/nifi/nifi-current/./conf/nifi.properties -Dnifi.bootstrap.listen.port=43309 -Dapp=NiFi -Dorg.apache.nifi.bootstrap.config.log.dir=/opt/nifi/nifi-current/logs org.apache.nifi.NiFi 
2025-05-29 16:03:32,208 INFO [main] org.apache.nifi.bootstrap.Command Launched Apache NiFi with Process ID 90
2025-05-29 16:03:33,223 INFO [NiFi Bootstrap Command Listener] org.apache.nifi.bootstrap.RunNiFi Apache NiFi now running and listening for Bootstrap requests on port 44863
2025-05-29 16:03:47,535 ERROR [NiFi logging handler] org.apache.nifi.StdErr Warning: Nashorn engine is planned to be removed from a future JDK release
2025-05-29 16:03:49,653 ERROR [NiFi logging handler] org.apache.nifi.StdErr Warning: Nashorn engine is planned to be removed from a future JDK release
2025-05-29 16:03:49,755 ERROR [NiFi logging handler] org.apache.nifi.StdErr Warning: Nashorn engine is planned to be removed from a future JDK release
2025-05-29 16:03:49,771 ERROR [NiFi logging handler] org.apache.nifi.StdErr Warning: Nashorn engine is planned to be removed from a future JDK release
2025-05-29 16:03:49,825 ERROR [NiFi logging handler] org.apache.nifi.StdErr Warning: Nashorn engine is planned to be removed from a future JDK release
2025-05-29 16:03:49,835 ERROR [NiFi logging handler] org.apache.nifi.StdErr Warning: Nashorn engine is planned to be removed from a future JDK release
2025-05-29 16:03:49,847 ERROR [NiFi logging handler] org.apache.nifi.StdErr Warning: Nashorn engine is planned to be removed from a future JDK release
2025-05-29 16:03:49,860 ERROR [NiFi logging handler] org.apache.nifi.StdErr Warning: Nashorn engine is planned to be removed from a future JDK release
2025-05-29 16:03:50,025 ERROR [NiFi logging handler] org.apache.nifi.StdErr Warning: Nashorn engine is planned to be removed from a future JDK release
2025-05-29 16:03:53,804 ERROR [NiFi logging handler] org.apache.nifi.StdErr WARNING: An illegal reflective access operation has occurred
2025-05-29 16:03:53,804 ERROR [NiFi logging handler] org.apache.nifi.StdErr WARNING: Illegal reflective access by jetbrains.exodus.io.FileDataWriter$Companion$setUninterruptibleMethod$1 (file:/opt/nifi/nifi-current/./work/nar/framework/nifi-framework-nar-1.28.1.nar-unpacked/NAR-INF/bundled-dependencies/xodus-environment-2.0.1.jar) to method sun.nio.ch.FileChannelImpl.setUninterruptible()
2025-05-29 16:03:53,804 ERROR [NiFi logging handler] org.apache.nifi.StdErr WARNING: Please consider reporting this to the maintainers of jetbrains.exodus.io.FileDataWriter$Companion$setUninterruptibleMethod$1
2025-05-29 16:03:53,805 ERROR [NiFi logging handler] org.apache.nifi.StdErr WARNING: Use --illegal-access=warn to enable warnings of further illegal reflective access operations
2025-05-29 16:03:53,805 ERROR [NiFi logging handler] org.apache.nifi.StdErr WARNING: All illegal access operations will be denied in a future release
2025-05-29 16:07:06,188 INFO [main] o.a.n.b.NotificationServiceManager Successfully loaded the following 0 services: []
2025-05-29 16:07:06,191 INFO [main] org.apache.nifi.bootstrap.RunNiFi Registered no Notification Services for Notification Type NIFI_STARTED
2025-05-29 16:07:06,191 INFO [main] org.apache.nifi.bootstrap.RunNiFi Registered no Notification Services for Notification Type NIFI_STOPPED
2025-05-29 16:07:06,191 INFO [main] org.apache.nifi.bootstrap.RunNiFi Registered no Notification Services for Notification Type NIFI_DIED
2025-05-29 16:07:06,211 INFO [main] org.apache.nifi.bootstrap.Command Apache NiFi has accepted the Shutdown Command and is shutting down now
2025-05-29 16:07:06,236 INFO [main] org.apache.nifi.bootstrap.Command NiFi PID [90] shutdown in progress...
2025-05-29 16:07:08,241 INFO [main] org.apache.nifi.bootstrap.Command NiFi PID [90] shutdown in progress...
2025-05-29 16:07:09,244 INFO [main] org.apache.nifi.bootstrap.RunNiFi A shutdown was initiated. Will not restart NiFi
2025-05-29 16:07:10,246 INFO [main] org.apache.nifi.bootstrap.Command NiFi PID [90] shutdown completed
